INFO:root:
Decorator: Do ALL Strategies
| Sequence: Offensive Strategy
| | Check: have_largest_fleet
| | Action: attack_weakest_enemy_planet
| Sequence: Defense Strategy
| | Check: be_attacked
| | Action: defense_attacked_planet
| Sequence: Spread Strategy
| | Check: if_neutral_planet_available
| | Action: spread_to_weakest_neutral_planet
| Action: attack_weakest_enemy_planet

DEBUG:root:Executing:Decorator: Do ALL Strategies
DEBUG:root:Executing:Sequence: Offensive Strategy
DEBUG:root:Executing:Check: have_largest_fleet
DEBUG:root:Result: Check: have_largest_fleet -> Failure
DEBUG:root:Result: Sequence: Offensive Strategy -> Failure
DEBUG:root:Executing:Sequence: Defense Strategy
DEBUG:root:Executing:Check: be_attacked
DEBUG:root:Result: Check: be_attacked -> Failure
DEBUG:root:Result: Sequence: Defense Strategy -> Failure
DEBUG:root:Executing:Sequence: Spread Strategy
DEBUG:root:Executing:Check: if_neutral_planet_available
DEBUG:root:Result: Check: if_neutral_planet_available -> Success
DEBUG:root:Executing:Action: spread_to_weakest_neutral_planet
DEBUG:root:Order:1 9 2.0
DEBUG:root:Order:1 10 2.0
DEBUG:root:Order:1 17 4.0
DEBUG:root:Order:1 18 4.0
DEBUG:root:Order:1 11 9.0
DEBUG:root:Order:1 12 9.0
DEBUG:root:Order:1 13 9.0
DEBUG:root:Order:1 14 9.0
DEBUG:root:Result: Action: spread_to_weakest_neutral_planet -> Success
DEBUG:root:Result: Sequence: Spread Strategy -> Success
DEBUG:root:Executing:Action: attack_weakest_enemy_planet
DEBUG:root:Result: Action: attack_weakest_enemy_planet -> Failure
DEBUG:root:Result: Decorator: Do ALL Strategies -> Success
DEBUG:root:Finish turn

DEBUG:root:Executing:Decorator: Do ALL Strategies
DEBUG:root:Executing:Sequence: Offensive Strategy
DEBUG:root:Executing:Check: have_largest_fleet
DEBUG:root:Result: Check: have_largest_fleet -> Failure
DEBUG:root:Result: Sequence: Offensive Strategy -> Failure
DEBUG:root:Executing:Sequence: Defense Strategy
DEBUG:root:Executing:Check: be_attacked
DEBUG:root:Result: Check: be_attacked -> Failure
DEBUG:root:Result: Sequence: Defense Strategy -> Failure
DEBUG:root:Executing:Sequence: Spread Strategy
DEBUG:root:Executing:Check: if_neutral_planet_available
DEBUG:root:Result: Check: if_neutral_planet_available -> Success
DEBUG:root:Executing:Action: spread_to_weakest_neutral_planet
DEBUG:root:Order:1 15 25.0
DEBUG:root:Result: Action: spread_to_weakest_neutral_planet -> Success
DEBUG:root:Result: Sequence: Spread Strategy -> Success
DEBUG:root:Executing:Action: attack_weakest_enemy_planet
DEBUG:root:Result: Action: attack_weakest_enemy_planet -> Failure
DEBUG:root:Result: Decorator: Do ALL Strategies -> Success
DEBUG:root:Finish turn

DEBUG:root:Executing:Decorator: Do ALL Strategies
DEBUG:root:Executing:Sequence: Offensive Strategy
DEBUG:root:Executing:Check: have_largest_fleet
DEBUG:root:Result: Check: have_largest_fleet -> Failure
DEBUG:root:Result: Sequence: Offensive Strategy -> Failure
DEBUG:root:Executing:Sequence: Defense Strategy
DEBUG:root:Executing:Check: be_attacked
DEBUG:root:Result: Check: be_attacked -> Failure
DEBUG:root:Result: Sequence: Defense Strategy -> Failure
DEBUG:root:Executing:Sequence: Spread Strategy
DEBUG:root:Executing:Check: if_neutral_planet_available
DEBUG:root:Result: Check: if_neutral_planet_available -> Success
DEBUG:root:Executing:Action: spread_to_weakest_neutral_planet
DEBUG:root:Result: Action: spread_to_weakest_neutral_planet -> Failure
DEBUG:root:Result: Sequence: Spread Strategy -> Failure
DEBUG:root:Executing:Action: attack_weakest_enemy_planet
DEBUG:root:Result: Action: attack_weakest_enemy_planet -> Failure
DEBUG:root:Result: Decorator: Do ALL Strategies -> Failure
DEBUG:root:Finish turn

DEBUG:root:Executing:Decorator: Do ALL Strategies
DEBUG:root:Executing:Sequence: Offensive Strategy
DEBUG:root:Executing:Check: have_largest_fleet
DEBUG:root:Result: Check: have_largest_fleet -> Failure
DEBUG:root:Result: Sequence: Offensive Strategy -> Failure
DEBUG:root:Executing:Sequence: Defense Strategy
DEBUG:root:Executing:Check: be_attacked
DEBUG:root:Result: Check: be_attacked -> Failure
DEBUG:root:Result: Sequence: Defense Strategy -> Failure
DEBUG:root:Executing:Sequence: Spread Strategy
DEBUG:root:Executing:Check: if_neutral_planet_available
DEBUG:root:Result: Check: if_neutral_planet_available -> Success
DEBUG:root:Executing:Action: spread_to_weakest_neutral_planet
DEBUG:root:Result: Action: spread_to_weakest_neutral_planet -> Failure
DEBUG:root:Result: Sequence: Spread Strategy -> Failure
DEBUG:root:Executing:Action: attack_weakest_enemy_planet
DEBUG:root:Result: Action: attack_weakest_enemy_planet -> Failure
DEBUG:root:Result: Decorator: Do ALL Strategies -> Failure
DEBUG:root:Finish turn

DEBUG:root:Executing:Decorator: Do ALL Strategies
DEBUG:root:Executing:Sequence: Offensive Strategy
DEBUG:root:Executing:Check: have_largest_fleet
DEBUG:root:Result: Check: have_largest_fleet -> Failure
DEBUG:root:Result: Sequence: Offensive Strategy -> Failure
DEBUG:root:Executing:Sequence: Defense Strategy
DEBUG:root:Executing:Check: be_attacked
DEBUG:root:Result: Check: be_attacked -> Failure
DEBUG:root:Result: Sequence: Defense Strategy -> Failure
DEBUG:root:Executing:Sequence: Spread Strategy
DEBUG:root:Executing:Check: if_neutral_planet_available
DEBUG:root:Result: Check: if_neutral_planet_available -> Success
DEBUG:root:Executing:Action: spread_to_weakest_neutral_planet
DEBUG:root:Result: Action: spread_to_weakest_neutral_planet -> Failure
DEBUG:root:Result: Sequence: Spread Strategy -> Failure
DEBUG:root:Executing:Action: attack_weakest_enemy_planet
DEBUG:root:Result: Action: attack_weakest_enemy_planet -> Failure
DEBUG:root:Result: Decorator: Do ALL Strategies -> Failure
DEBUG:root:Finish turn

DEBUG:root:Executing:Decorator: Do ALL Strategies
DEBUG:root:Executing:Sequence: Offensive Strategy
DEBUG:root:Executing:Check: have_largest_fleet
DEBUG:root:Result: Check: have_largest_fleet -> Failure
DEBUG:root:Result: Sequence: Offensive Strategy -> Failure
DEBUG:root:Executing:Sequence: Defense Strategy
DEBUG:root:Executing:Check: be_attacked
DEBUG:root:Result: Check: be_attacked -> Failure
DEBUG:root:Result: Sequence: Defense Strategy -> Failure
DEBUG:root:Executing:Sequence: Spread Strategy
DEBUG:root:Executing:Check: if_neutral_planet_available
DEBUG:root:Result: Check: if_neutral_planet_available -> Success
DEBUG:root:Executing:Action: spread_to_weakest_neutral_planet
DEBUG:root:Order:1 16 25.0
DEBUG:root:Result: Action: spread_to_weakest_neutral_planet -> Success
DEBUG:root:Result: Sequence: Spread Strategy -> Success
DEBUG:root:Executing:Action: attack_weakest_enemy_planet
DEBUG:root:Result: Action: attack_weakest_enemy_planet -> Failure
DEBUG:root:Result: Decorator: Do ALL Strategies -> Success
DEBUG:root:Finish turn

DEBUG:root:Executing:Decorator: Do ALL Strategies
DEBUG:root:Executing:Sequence: Offensive Strategy
DEBUG:root:Executing:Check: have_largest_fleet
DEBUG:root:Result: Check: have_largest_fleet -> Failure
DEBUG:root:Result: Sequence: Offensive Strategy -> Failure
DEBUG:root:Executing:Sequence: Defense Strategy
DEBUG:root:Executing:Check: be_attacked
DEBUG:root:Result: Check: be_attacked -> Failure
DEBUG:root:Result: Sequence: Defense Strategy -> Failure
DEBUG:root:Executing:Sequence: Spread Strategy
DEBUG:root:Executing:Check: if_neutral_planet_available
DEBUG:root:Result: Check: if_neutral_planet_available -> Success
DEBUG:root:Executing:Action: spread_to_weakest_neutral_planet
DEBUG:root:Result: Action: spread_to_weakest_neutral_planet -> Failure
DEBUG:root:Result: Sequence: Spread Strategy -> Failure
DEBUG:root:Executing:Action: attack_weakest_enemy_planet
DEBUG:root:Result: Action: attack_weakest_enemy_planet -> Failure
DEBUG:root:Result: Decorator: Do ALL Strategies -> Failure
DEBUG:root:Finish turn

DEBUG:root:Executing:Decorator: Do ALL Strategies
DEBUG:root:Executing:Sequence: Offensive Strategy
DEBUG:root:Executing:Check: have_largest_fleet
DEBUG:root:Result: Check: have_largest_fleet -> Failure
DEBUG:root:Result: Sequence: Offensive Strategy -> Failure
DEBUG:root:Executing:Sequence: Defense Strategy
DEBUG:root:Executing:Check: be_attacked
DEBUG:root:Result: Check: be_attacked -> Failure
DEBUG:root:Result: Sequence: Defense Strategy -> Failure
DEBUG:root:Executing:Sequence: Spread Strategy
DEBUG:root:Executing:Check: if_neutral_planet_available
DEBUG:root:Result: Check: if_neutral_planet_available -> Success
DEBUG:root:Executing:Action: spread_to_weakest_neutral_planet
DEBUG:root:Result: Action: spread_to_weakest_neutral_planet -> Failure
DEBUG:root:Result: Sequence: Spread Strategy -> Failure
DEBUG:root:Executing:Action: attack_weakest_enemy_planet
DEBUG:root:Result: Action: attack_weakest_enemy_planet -> Failure
DEBUG:root:Result: Decorator: Do ALL Strategies -> Failure
DEBUG:root:Finish turn

DEBUG:root:Executing:Decorator: Do ALL Strategies
DEBUG:root:Executing:Sequence: Offensive Strategy
DEBUG:root:Executing:Check: have_largest_fleet
DEBUG:root:Result: Check: have_largest_fleet -> Failure
DEBUG:root:Result: Sequence: Offensive Strategy -> Failure
DEBUG:root:Executing:Sequence: Defense Strategy
DEBUG:root:Executing:Check: be_attacked
DEBUG:root:Result: Check: be_attacked -> Failure
DEBUG:root:Result: Sequence: Defense Strategy -> Failure
DEBUG:root:Executing:Sequence: Spread Strategy
DEBUG:root:Executing:Check: if_neutral_planet_available
DEBUG:root:Result: Check: if_neutral_planet_available -> Success
DEBUG:root:Executing:Action: spread_to_weakest_neutral_planet
DEBUG:root:Result: Action: spread_to_weakest_neutral_planet -> Failure
DEBUG:root:Result: Sequence: Spread Strategy -> Failure
DEBUG:root:Executing:Action: attack_weakest_enemy_planet
DEBUG:root:Result: Action: attack_weakest_enemy_planet -> Failure
DEBUG:root:Result: Decorator: Do ALL Strategies -> Failure
DEBUG:root:Finish turn

DEBUG:root:Executing:Decorator: Do ALL Strategies
DEBUG:root:Executing:Sequence: Offensive Strategy
DEBUG:root:Executing:Check: have_largest_fleet
DEBUG:root:Result: Check: have_largest_fleet -> Failure
DEBUG:root:Result: Sequence: Offensive Strategy -> Failure
DEBUG:root:Executing:Sequence: Defense Strategy
DEBUG:root:Executing:Check: be_attacked
DEBUG:root:Result: Check: be_attacked -> Failure
DEBUG:root:Result: Sequence: Defense Strategy -> Failure
DEBUG:root:Executing:Sequence: Spread Strategy
DEBUG:root:Executing:Check: if_neutral_planet_available
DEBUG:root:Result: Check: if_neutral_planet_available -> Success
DEBUG:root:Executing:Action: spread_to_weakest_neutral_planet
DEBUG:root:Result: Action: spread_to_weakest_neutral_planet -> Failure
DEBUG:root:Result: Sequence: Spread Strategy -> Failure
DEBUG:root:Executing:Action: attack_weakest_enemy_planet
DEBUG:root:Result: Action: attack_weakest_enemy_planet -> Failure
DEBUG:root:Result: Decorator: Do ALL Strategies -> Failure
DEBUG:root:Finish turn

DEBUG:root:Executing:Decorator: Do ALL Strategies
DEBUG:root:Executing:Sequence: Offensive Strategy
DEBUG:root:Executing:Check: have_largest_fleet
DEBUG:root:Result: Check: have_largest_fleet -> Failure
DEBUG:root:Result: Sequence: Offensive Strategy -> Failure
DEBUG:root:Executing:Sequence: Defense Strategy
DEBUG:root:Executing:Check: be_attacked
DEBUG:root:Result: Check: be_attacked -> Success
DEBUG:root:Executing:Action: defense_attacked_planet
DEBUG:root:Order:1 17 18.0
DEBUG:root:Result: Action: defense_attacked_planet -> Success
DEBUG:root:Result: Sequence: Defense Strategy -> Success
DEBUG:root:Executing:Sequence: Spread Strategy
DEBUG:root:Executing:Check: if_neutral_planet_available
DEBUG:root:Result: Check: if_neutral_planet_available -> Success
DEBUG:root:Executing:Action: spread_to_weakest_neutral_planet
DEBUG:root:Result: Action: spread_to_weakest_neutral_planet -> Failure
DEBUG:root:Result: Sequence: Spread Strategy -> Failure
DEBUG:root:Executing:Action: attack_weakest_enemy_planet
DEBUG:root:Result: Action: attack_weakest_enemy_planet -> Failure
DEBUG:root:Result: Decorator: Do ALL Strategies -> Success
DEBUG:root:Finish turn

DEBUG:root:Executing:Decorator: Do ALL Strategies
DEBUG:root:Executing:Sequence: Offensive Strategy
DEBUG:root:Executing:Check: have_largest_fleet
DEBUG:root:Result: Check: have_largest_fleet -> Failure
DEBUG:root:Result: Sequence: Offensive Strategy -> Failure
DEBUG:root:Executing:Sequence: Defense Strategy
DEBUG:root:Executing:Check: be_attacked
DEBUG:root:Result: Check: be_attacked -> Success
DEBUG:root:Executing:Action: defense_attacked_planet
DEBUG:root:Result: Action: defense_attacked_planet -> Failure
DEBUG:root:Result: Sequence: Defense Strategy -> Failure
DEBUG:root:Executing:Sequence: Spread Strategy
DEBUG:root:Executing:Check: if_neutral_planet_available
DEBUG:root:Result: Check: if_neutral_planet_available -> Success
DEBUG:root:Executing:Action: spread_to_weakest_neutral_planet
DEBUG:root:Result: Action: spread_to_weakest_neutral_planet -> Failure
DEBUG:root:Result: Sequence: Spread Strategy -> Failure
DEBUG:root:Executing:Action: attack_weakest_enemy_planet
DEBUG:root:Result: Action: attack_weakest_enemy_planet -> Failure
DEBUG:root:Result: Decorator: Do ALL Strategies -> Failure
DEBUG:root:Finish turn

DEBUG:root:Executing:Decorator: Do ALL Strategies
DEBUG:root:Executing:Sequence: Offensive Strategy
DEBUG:root:Executing:Check: have_largest_fleet
DEBUG:root:Result: Check: have_largest_fleet -> Success
DEBUG:root:Executing:Action: attack_weakest_enemy_planet
DEBUG:root:Result: Action: attack_weakest_enemy_planet -> Failure
DEBUG:root:Result: Sequence: Offensive Strategy -> Failure
DEBUG:root:Executing:Sequence: Defense Strategy
DEBUG:root:Executing:Check: be_attacked
DEBUG:root:Result: Check: be_attacked -> Success
DEBUG:root:Executing:Action: defense_attacked_planet
DEBUG:root:Result: Action: defense_attacked_planet -> Failure
DEBUG:root:Result: Sequence: Defense Strategy -> Failure
DEBUG:root:Executing:Sequence: Spread Strategy
DEBUG:root:Executing:Check: if_neutral_planet_available
DEBUG:root:Result: Check: if_neutral_planet_available -> Success
DEBUG:root:Executing:Action: spread_to_weakest_neutral_planet
DEBUG:root:Result: Action: spread_to_weakest_neutral_planet -> Failure
DEBUG:root:Result: Sequence: Spread Strategy -> Failure
DEBUG:root:Executing:Action: attack_weakest_enemy_planet
DEBUG:root:Result: Action: attack_weakest_enemy_planet -> Failure
DEBUG:root:Result: Decorator: Do ALL Strategies -> Failure
DEBUG:root:Finish turn

DEBUG:root:Executing:Decorator: Do ALL Strategies
DEBUG:root:Executing:Sequence: Offensive Strategy
DEBUG:root:Executing:Check: have_largest_fleet
DEBUG:root:Result: Check: have_largest_fleet -> Failure
DEBUG:root:Result: Sequence: Offensive Strategy -> Failure
DEBUG:root:Executing:Sequence: Defense Strategy
DEBUG:root:Executing:Check: be_attacked
DEBUG:root:Result: Check: be_attacked -> Success
DEBUG:root:Executing:Action: defense_attacked_planet
DEBUG:root:Result: Action: defense_attacked_planet -> Failure
DEBUG:root:Result: Sequence: Defense Strategy -> Failure
DEBUG:root:Executing:Sequence: Spread Strategy
DEBUG:root:Executing:Check: if_neutral_planet_available
DEBUG:root:Result: Check: if_neutral_planet_available -> Success
DEBUG:root:Executing:Action: spread_to_weakest_neutral_planet
DEBUG:root:Result: Action: spread_to_weakest_neutral_planet -> Failure
DEBUG:root:Result: Sequence: Spread Strategy -> Failure
DEBUG:root:Executing:Action: attack_weakest_enemy_planet
DEBUG:root:Result: Action: attack_weakest_enemy_planet -> Failure
DEBUG:root:Result: Decorator: Do ALL Strategies -> Failure
DEBUG:root:Finish turn

DEBUG:root:Executing:Decorator: Do ALL Strategies
DEBUG:root:Executing:Sequence: Offensive Strategy
DEBUG:root:Executing:Check: have_largest_fleet
DEBUG:root:Result: Check: have_largest_fleet -> Success
DEBUG:root:Executing:Action: attack_weakest_enemy_planet
DEBUG:root:Result: Action: attack_weakest_enemy_planet -> Failure
DEBUG:root:Result: Sequence: Offensive Strategy -> Failure
DEBUG:root:Executing:Sequence: Defense Strategy
DEBUG:root:Executing:Check: be_attacked
DEBUG:root:Result: Check: be_attacked -> Success
DEBUG:root:Executing:Action: defense_attacked_planet
DEBUG:root:Result: Action: defense_attacked_planet -> Failure
DEBUG:root:Result: Sequence: Defense Strategy -> Failure
DEBUG:root:Executing:Sequence: Spread Strategy
DEBUG:root:Executing:Check: if_neutral_planet_available
DEBUG:root:Result: Check: if_neutral_planet_available -> Success
DEBUG:root:Executing:Action: spread_to_weakest_neutral_planet
DEBUG:root:Result: Action: spread_to_weakest_neutral_planet -> Failure
DEBUG:root:Result: Sequence: Spread Strategy -> Failure
DEBUG:root:Executing:Action: attack_weakest_enemy_planet
DEBUG:root:Result: Action: attack_weakest_enemy_planet -> Failure
DEBUG:root:Result: Decorator: Do ALL Strategies -> Failure
DEBUG:root:Finish turn

DEBUG:root:Executing:Decorator: Do ALL Strategies
DEBUG:root:Executing:Sequence: Offensive Strategy
DEBUG:root:Executing:Check: have_largest_fleet
DEBUG:root:Result: Check: have_largest_fleet -> Success
DEBUG:root:Executing:Action: attack_weakest_enemy_planet
DEBUG:root:Result: Action: attack_weakest_enemy_planet -> Failure
DEBUG:root:Result: Sequence: Offensive Strategy -> Failure
DEBUG:root:Executing:Sequence: Defense Strategy
DEBUG:root:Executing:Check: be_attacked
DEBUG:root:Result: Check: be_attacked -> Success
DEBUG:root:Executing:Action: defense_attacked_planet
DEBUG:root:Order:15 13 3.0
DEBUG:root:Result: Action: defense_attacked_planet -> Success
DEBUG:root:Result: Sequence: Defense Strategy -> Success
DEBUG:root:Executing:Sequence: Spread Strategy
DEBUG:root:Executing:Check: if_neutral_planet_available
DEBUG:root:Result: Check: if_neutral_planet_available -> Success
DEBUG:root:Executing:Action: spread_to_weakest_neutral_planet
DEBUG:root:Result: Action: spread_to_weakest_neutral_planet -> Failure
DEBUG:root:Result: Sequence: Spread Strategy -> Failure
DEBUG:root:Executing:Action: attack_weakest_enemy_planet
DEBUG:root:Result: Action: attack_weakest_enemy_planet -> Failure
DEBUG:root:Result: Decorator: Do ALL Strategies -> Success
DEBUG:root:Finish turn

DEBUG:root:Executing:Decorator: Do ALL Strategies
DEBUG:root:Executing:Sequence: Offensive Strategy
DEBUG:root:Executing:Check: have_largest_fleet
DEBUG:root:Result: Check: have_largest_fleet -> Success
DEBUG:root:Executing:Action: attack_weakest_enemy_planet
DEBUG:root:Order:1 7 8.0
DEBUG:root:Order:10 18 26.0
DEBUG:root:Result: Action: attack_weakest_enemy_planet -> Success
DEBUG:root:Result: Sequence: Offensive Strategy -> Success
DEBUG:root:Executing:Sequence: Defense Strategy
DEBUG:root:Executing:Check: be_attacked
DEBUG:root:Result: Check: be_attacked -> Success
DEBUG:root:Executing:Action: defense_attacked_planet
DEBUG:root:Result: Action: defense_attacked_planet -> Failure
DEBUG:root:Result: Sequence: Defense Strategy -> Failure
DEBUG:root:Executing:Sequence: Spread Strategy
DEBUG:root:Executing:Check: if_neutral_planet_available
DEBUG:root:Result: Check: if_neutral_planet_available -> Success
DEBUG:root:Executing:Action: spread_to_weakest_neutral_planet
DEBUG:root:Result: Action: spread_to_weakest_neutral_planet -> Failure
DEBUG:root:Result: Sequence: Spread Strategy -> Failure
DEBUG:root:Executing:Action: attack_weakest_enemy_planet
DEBUG:root:Result: Action: attack_weakest_enemy_planet -> Failure
DEBUG:root:Result: Decorator: Do ALL Strategies -> Success
DEBUG:root:Finish turn

DEBUG:root:Executing:Decorator: Do ALL Strategies
DEBUG:root:Executing:Sequence: Offensive Strategy
DEBUG:root:Executing:Check: have_largest_fleet
DEBUG:root:Result: Check: have_largest_fleet -> Success
DEBUG:root:Executing:Action: attack_weakest_enemy_planet
DEBUG:root:Order:1 9 52.0
DEBUG:root:Result: Action: attack_weakest_enemy_planet -> Success
DEBUG:root:Result: Sequence: Offensive Strategy -> Success
DEBUG:root:Executing:Sequence: Defense Strategy
DEBUG:root:Executing:Check: be_attacked
DEBUG:root:Result: Check: be_attacked -> Success
DEBUG:root:Executing:Action: defense_attacked_planet
DEBUG:root:Order:10 13 3.0
DEBUG:root:Result: Action: defense_attacked_planet -> Success
DEBUG:root:Result: Sequence: Defense Strategy -> Success
DEBUG:root:Executing:Sequence: Spread Strategy
DEBUG:root:Executing:Check: if_neutral_planet_available
DEBUG:root:Result: Check: if_neutral_planet_available -> Success
DEBUG:root:Executing:Action: spread_to_weakest_neutral_planet
DEBUG:root:Result: Action: spread_to_weakest_neutral_planet -> Failure
DEBUG:root:Result: Sequence: Spread Strategy -> Failure
DEBUG:root:Executing:Action: attack_weakest_enemy_planet
DEBUG:root:Result: Action: attack_weakest_enemy_planet -> Failure
DEBUG:root:Result: Decorator: Do ALL Strategies -> Success
DEBUG:root:Finish turn

DEBUG:root:Executing:Decorator: Do ALL Strategies
DEBUG:root:Executing:Sequence: Offensive Strategy
DEBUG:root:Executing:Check: have_largest_fleet
DEBUG:root:Result: Check: have_largest_fleet -> Success
DEBUG:root:Executing:Action: attack_weakest_enemy_planet
DEBUG:root:Order:15 12 25.0
DEBUG:root:Result: Action: attack_weakest_enemy_planet -> Success
DEBUG:root:Result: Sequence: Offensive Strategy -> Success
DEBUG:root:Executing:Sequence: Defense Strategy
DEBUG:root:Executing:Check: be_attacked
DEBUG:root:Result: Check: be_attacked -> Success
DEBUG:root:Executing:Action: defense_attacked_planet
DEBUG:root:Result: Action: defense_attacked_planet -> Failure
DEBUG:root:Result: Sequence: Defense Strategy -> Failure
DEBUG:root:Executing:Sequence: Spread Strategy
DEBUG:root:Executing:Check: if_neutral_planet_available
DEBUG:root:Result: Check: if_neutral_planet_available -> Success
DEBUG:root:Executing:Action: spread_to_weakest_neutral_planet
DEBUG:root:Result: Action: spread_to_weakest_neutral_planet -> Failure
DEBUG:root:Result: Sequence: Spread Strategy -> Failure
DEBUG:root:Executing:Action: attack_weakest_enemy_planet
DEBUG:root:Result: Action: attack_weakest_enemy_planet -> Failure
DEBUG:root:Result: Decorator: Do ALL Strategies -> Success
DEBUG:root:Finish turn

DEBUG:root:Executing:Decorator: Do ALL Strategies
DEBUG:root:Executing:Sequence: Offensive Strategy
DEBUG:root:Executing:Check: have_largest_fleet
DEBUG:root:Result: Check: have_largest_fleet -> Success
DEBUG:root:Executing:Action: attack_weakest_enemy_planet
DEBUG:root:Order:10 16 23.0
DEBUG:root:Result: Action: attack_weakest_enemy_planet -> Success
DEBUG:root:Result: Sequence: Offensive Strategy -> Success
DEBUG:root:Executing:Sequence: Defense Strategy
DEBUG:root:Executing:Check: be_attacked
DEBUG:root:Result: Check: be_attacked -> Success
DEBUG:root:Executing:Action: defense_attacked_planet
DEBUG:root:Result: Action: defense_attacked_planet -> Failure
DEBUG:root:Result: Sequence: Defense Strategy -> Failure
DEBUG:root:Executing:Sequence: Spread Strategy
DEBUG:root:Executing:Check: if_neutral_planet_available
DEBUG:root:Result: Check: if_neutral_planet_available -> Success
DEBUG:root:Executing:Action: spread_to_weakest_neutral_planet
DEBUG:root:Result: Action: spread_to_weakest_neutral_planet -> Failure
DEBUG:root:Result: Sequence: Spread Strategy -> Failure
DEBUG:root:Executing:Action: attack_weakest_enemy_planet
DEBUG:root:Result: Action: attack_weakest_enemy_planet -> Failure
DEBUG:root:Result: Decorator: Do ALL Strategies -> Success
DEBUG:root:Finish turn

DEBUG:root:Executing:Decorator: Do ALL Strategies
DEBUG:root:Executing:Sequence: Offensive Strategy
DEBUG:root:Executing:Check: have_largest_fleet
DEBUG:root:Result: Check: have_largest_fleet -> Success
DEBUG:root:Executing:Action: attack_weakest_enemy_planet
DEBUG:root:Result: Action: attack_weakest_enemy_planet -> Failure
DEBUG:root:Result: Sequence: Offensive Strategy -> Failure
DEBUG:root:Executing:Sequence: Defense Strategy
DEBUG:root:Executing:Check: be_attacked
DEBUG:root:Result: Check: be_attacked -> Success
DEBUG:root:Executing:Action: defense_attacked_planet
DEBUG:root:Order:1 13 3.0
DEBUG:root:Result: Action: defense_attacked_planet -> Success
DEBUG:root:Result: Sequence: Defense Strategy -> Success
DEBUG:root:Executing:Sequence: Spread Strategy
DEBUG:root:Executing:Check: if_neutral_planet_available
DEBUG:root:Result: Check: if_neutral_planet_available -> Success
DEBUG:root:Executing:Action: spread_to_weakest_neutral_planet
DEBUG:root:Result: Action: spread_to_weakest_neutral_planet -> Failure
DEBUG:root:Result: Sequence: Spread Strategy -> Failure
DEBUG:root:Executing:Action: attack_weakest_enemy_planet
DEBUG:root:Result: Action: attack_weakest_enemy_planet -> Failure
DEBUG:root:Result: Decorator: Do ALL Strategies -> Success
DEBUG:root:Finish turn

DEBUG:root:Executing:Decorator: Do ALL Strategies
DEBUG:root:Executing:Sequence: Offensive Strategy
DEBUG:root:Executing:Check: have_largest_fleet
DEBUG:root:Result: Check: have_largest_fleet -> Success
DEBUG:root:Executing:Action: attack_weakest_enemy_planet
DEBUG:root:Order:17 14 22.0
DEBUG:root:Result: Action: attack_weakest_enemy_planet -> Success
DEBUG:root:Result: Sequence: Offensive Strategy -> Success
DEBUG:root:Executing:Sequence: Defense Strategy
DEBUG:root:Executing:Check: be_attacked
DEBUG:root:Result: Check: be_attacked -> Success
DEBUG:root:Executing:Action: defense_attacked_planet
DEBUG:root:Order:1 15 5.0
DEBUG:root:Result: Action: defense_attacked_planet -> Success
DEBUG:root:Result: Sequence: Defense Strategy -> Success
DEBUG:root:Executing:Sequence: Spread Strategy
DEBUG:root:Executing:Check: if_neutral_planet_available
DEBUG:root:Result: Check: if_neutral_planet_available -> Success
DEBUG:root:Executing:Action: spread_to_weakest_neutral_planet
DEBUG:root:Result: Action: spread_to_weakest_neutral_planet -> Failure
DEBUG:root:Result: Sequence: Spread Strategy -> Failure
DEBUG:root:Executing:Action: attack_weakest_enemy_planet
DEBUG:root:Result: Action: attack_weakest_enemy_planet -> Failure
DEBUG:root:Result: Decorator: Do ALL Strategies -> Success
DEBUG:root:Finish turn

DEBUG:root:Executing:Decorator: Do ALL Strategies
DEBUG:root:Executing:Sequence: Offensive Strategy
DEBUG:root:Executing:Check: have_largest_fleet
DEBUG:root:Result: Check: have_largest_fleet -> Success
DEBUG:root:Executing:Action: attack_weakest_enemy_planet
DEBUG:root:Result: Action: attack_weakest_enemy_planet -> Failure
DEBUG:root:Result: Sequence: Offensive Strategy -> Failure
DEBUG:root:Executing:Sequence: Defense Strategy
DEBUG:root:Executing:Check: be_attacked
DEBUG:root:Result: Check: be_attacked -> Success
DEBUG:root:Executing:Action: defense_attacked_planet
DEBUG:root:Order:17 13 3.0
DEBUG:root:Result: Action: defense_attacked_planet -> Success
DEBUG:root:Result: Sequence: Defense Strategy -> Success
DEBUG:root:Executing:Sequence: Spread Strategy
DEBUG:root:Executing:Check: if_neutral_planet_available
DEBUG:root:Result: Check: if_neutral_planet_available -> Success
DEBUG:root:Executing:Action: spread_to_weakest_neutral_planet
DEBUG:root:Result: Action: spread_to_weakest_neutral_planet -> Failure
DEBUG:root:Result: Sequence: Spread Strategy -> Failure
DEBUG:root:Executing:Action: attack_weakest_enemy_planet
DEBUG:root:Result: Action: attack_weakest_enemy_planet -> Failure
DEBUG:root:Result: Decorator: Do ALL Strategies -> Success
DEBUG:root:Finish turn

DEBUG:root:Executing:Decorator: Do ALL Strategies
DEBUG:root:Executing:Sequence: Offensive Strategy
DEBUG:root:Executing:Check: have_largest_fleet
DEBUG:root:Result: Check: have_largest_fleet -> Success
DEBUG:root:Executing:Action: attack_weakest_enemy_planet
DEBUG:root:Result: Action: attack_weakest_enemy_planet -> Failure
DEBUG:root:Result: Sequence: Offensive Strategy -> Failure
DEBUG:root:Executing:Sequence: Defense Strategy
DEBUG:root:Executing:Check: be_attacked
DEBUG:root:Result: Check: be_attacked -> Success
DEBUG:root:Executing:Action: defense_attacked_planet
DEBUG:root:Order:17 7 3.0
DEBUG:root:Result: Action: defense_attacked_planet -> Success
DEBUG:root:Result: Sequence: Defense Strategy -> Success
DEBUG:root:Executing:Sequence: Spread Strategy
DEBUG:root:Executing:Check: if_neutral_planet_available
DEBUG:root:Result: Check: if_neutral_planet_available -> Success
DEBUG:root:Executing:Action: spread_to_weakest_neutral_planet
DEBUG:root:Result: Action: spread_to_weakest_neutral_planet -> Failure
DEBUG:root:Result: Sequence: Spread Strategy -> Failure
DEBUG:root:Executing:Action: attack_weakest_enemy_planet
DEBUG:root:Result: Action: attack_weakest_enemy_planet -> Failure
DEBUG:root:Result: Decorator: Do ALL Strategies -> Success
DEBUG:root:Finish turn

DEBUG:root:Executing:Decorator: Do ALL Strategies
DEBUG:root:Executing:Sequence: Offensive Strategy
DEBUG:root:Executing:Check: have_largest_fleet
DEBUG:root:Result: Check: have_largest_fleet -> Success
DEBUG:root:Executing:Action: attack_weakest_enemy_planet
DEBUG:root:Result: Action: attack_weakest_enemy_planet -> Failure
DEBUG:root:Result: Sequence: Offensive Strategy -> Failure
DEBUG:root:Executing:Sequence: Defense Strategy
DEBUG:root:Executing:Check: be_attacked
DEBUG:root:Result: Check: be_attacked -> Success
DEBUG:root:Executing:Action: defense_attacked_planet
DEBUG:root:Result: Action: defense_attacked_planet -> Failure
DEBUG:root:Result: Sequence: Defense Strategy -> Failure
DEBUG:root:Executing:Sequence: Spread Strategy
DEBUG:root:Executing:Check: if_neutral_planet_available
DEBUG:root:Result: Check: if_neutral_planet_available -> Success
DEBUG:root:Executing:Action: spread_to_weakest_neutral_planet
DEBUG:root:Result: Action: spread_to_weakest_neutral_planet -> Failure
DEBUG:root:Result: Sequence: Spread Strategy -> Failure
DEBUG:root:Executing:Action: attack_weakest_enemy_planet
DEBUG:root:Result: Action: attack_weakest_enemy_planet -> Failure
DEBUG:root:Result: Decorator: Do ALL Strategies -> Failure
DEBUG:root:Finish turn

DEBUG:root:Executing:Decorator: Do ALL Strategies
DEBUG:root:Executing:Sequence: Offensive Strategy
DEBUG:root:Executing:Check: have_largest_fleet
DEBUG:root:Result: Check: have_largest_fleet -> Success
DEBUG:root:Executing:Action: attack_weakest_enemy_planet
DEBUG:root:Result: Action: attack_weakest_enemy_planet -> Failure
DEBUG:root:Result: Sequence: Offensive Strategy -> Failure
DEBUG:root:Executing:Sequence: Defense Strategy
DEBUG:root:Executing:Check: be_attacked
DEBUG:root:Result: Check: be_attacked -> Success
DEBUG:root:Executing:Action: defense_attacked_planet
DEBUG:root:Order:10 15 5.0
DEBUG:root:Result: Action: defense_attacked_planet -> Success
DEBUG:root:Result: Sequence: Defense Strategy -> Success
DEBUG:root:Executing:Sequence: Spread Strategy
DEBUG:root:Executing:Check: if_neutral_planet_available
DEBUG:root:Result: Check: if_neutral_planet_available -> Success
DEBUG:root:Executing:Action: spread_to_weakest_neutral_planet
DEBUG:root:Result: Action: spread_to_weakest_neutral_planet -> Failure
DEBUG:root:Result: Sequence: Spread Strategy -> Failure
DEBUG:root:Executing:Action: attack_weakest_enemy_planet
DEBUG:root:Result: Action: attack_weakest_enemy_planet -> Failure
DEBUG:root:Result: Decorator: Do ALL Strategies -> Success
DEBUG:root:Finish turn

DEBUG:root:Executing:Decorator: Do ALL Strategies
DEBUG:root:Executing:Sequence: Offensive Strategy
DEBUG:root:Executing:Check: have_largest_fleet
DEBUG:root:Result: Check: have_largest_fleet -> Success
DEBUG:root:Executing:Action: attack_weakest_enemy_planet
DEBUG:root:Result: Action: attack_weakest_enemy_planet -> Failure
DEBUG:root:Result: Sequence: Offensive Strategy -> Failure
DEBUG:root:Executing:Sequence: Defense Strategy
DEBUG:root:Executing:Check: be_attacked
DEBUG:root:Result: Check: be_attacked -> Success
DEBUG:root:Executing:Action: defense_attacked_planet
DEBUG:root:Order:13 7 3.0
DEBUG:root:Result: Action: defense_attacked_planet -> Success
DEBUG:root:Result: Sequence: Defense Strategy -> Success
DEBUG:root:Executing:Sequence: Spread Strategy
DEBUG:root:Executing:Check: if_neutral_planet_available
DEBUG:root:Result: Check: if_neutral_planet_available -> Success
DEBUG:root:Executing:Action: spread_to_weakest_neutral_planet
DEBUG:root:Result: Action: spread_to_weakest_neutral_planet -> Failure
DEBUG:root:Result: Sequence: Spread Strategy -> Failure
DEBUG:root:Executing:Action: attack_weakest_enemy_planet
DEBUG:root:Result: Action: attack_weakest_enemy_planet -> Failure
DEBUG:root:Result: Decorator: Do ALL Strategies -> Success
DEBUG:root:Finish turn

DEBUG:root:Executing:Decorator: Do ALL Strategies
DEBUG:root:Executing:Sequence: Offensive Strategy
DEBUG:root:Executing:Check: have_largest_fleet
DEBUG:root:Result: Check: have_largest_fleet -> Success
DEBUG:root:Executing:Action: attack_weakest_enemy_planet
DEBUG:root:Result: Action: attack_weakest_enemy_planet -> Failure
DEBUG:root:Result: Sequence: Offensive Strategy -> Failure
DEBUG:root:Executing:Sequence: Defense Strategy
DEBUG:root:Executing:Check: be_attacked
DEBUG:root:Result: Check: be_attacked -> Success
DEBUG:root:Executing:Action: defense_attacked_planet
DEBUG:root:Result: Action: defense_attacked_planet -> Failure
DEBUG:root:Result: Sequence: Defense Strategy -> Failure
DEBUG:root:Executing:Sequence: Spread Strategy
DEBUG:root:Executing:Check: if_neutral_planet_available
DEBUG:root:Result: Check: if_neutral_planet_available -> Success
DEBUG:root:Executing:Action: spread_to_weakest_neutral_planet
DEBUG:root:Result: Action: spread_to_weakest_neutral_planet -> Failure
DEBUG:root:Result: Sequence: Spread Strategy -> Failure
DEBUG:root:Executing:Action: attack_weakest_enemy_planet
DEBUG:root:Result: Action: attack_weakest_enemy_planet -> Failure
DEBUG:root:Result: Decorator: Do ALL Strategies -> Failure
DEBUG:root:Finish turn

DEBUG:root:Executing:Decorator: Do ALL Strategies
DEBUG:root:Executing:Sequence: Offensive Strategy
DEBUG:root:Executing:Check: have_largest_fleet
DEBUG:root:Result: Check: have_largest_fleet -> Success
DEBUG:root:Executing:Action: attack_weakest_enemy_planet
DEBUG:root:Result: Action: attack_weakest_enemy_planet -> Failure
DEBUG:root:Result: Sequence: Offensive Strategy -> Failure
DEBUG:root:Executing:Sequence: Defense Strategy
DEBUG:root:Executing:Check: be_attacked
DEBUG:root:Result: Check: be_attacked -> Success
DEBUG:root:Executing:Action: defense_attacked_planet
DEBUG:root:Result: Action: defense_attacked_planet -> Failure
DEBUG:root:Result: Sequence: Defense Strategy -> Failure
DEBUG:root:Executing:Sequence: Spread Strategy
DEBUG:root:Executing:Check: if_neutral_planet_available
DEBUG:root:Result: Check: if_neutral_planet_available -> Success
DEBUG:root:Executing:Action: spread_to_weakest_neutral_planet
DEBUG:root:Result: Action: spread_to_weakest_neutral_planet -> Failure
DEBUG:root:Result: Sequence: Spread Strategy -> Failure
DEBUG:root:Executing:Action: attack_weakest_enemy_planet
DEBUG:root:Result: Action: attack_weakest_enemy_planet -> Failure
DEBUG:root:Result: Decorator: Do ALL Strategies -> Failure
DEBUG:root:Finish turn

DEBUG:root:Executing:Decorator: Do ALL Strategies
DEBUG:root:Executing:Sequence: Offensive Strategy
DEBUG:root:Executing:Check: have_largest_fleet
DEBUG:root:Result: Check: have_largest_fleet -> Success
DEBUG:root:Executing:Action: attack_weakest_enemy_planet
DEBUG:root:Order:1 16 26.0
DEBUG:root:Result: Action: attack_weakest_enemy_planet -> Success
DEBUG:root:Result: Sequence: Offensive Strategy -> Success
DEBUG:root:Executing:Sequence: Defense Strategy
DEBUG:root:Executing:Check: be_attacked
DEBUG:root:Result: Check: be_attacked -> Success
DEBUG:root:Executing:Action: defense_attacked_planet
DEBUG:root:Order:15 7 4.0
DEBUG:root:Result: Action: defense_attacked_planet -> Success
DEBUG:root:Result: Sequence: Defense Strategy -> Success
DEBUG:root:Executing:Sequence: Spread Strategy
DEBUG:root:Executing:Check: if_neutral_planet_available
DEBUG:root:Result: Check: if_neutral_planet_available -> Success
DEBUG:root:Executing:Action: spread_to_weakest_neutral_planet
DEBUG:root:Result: Action: spread_to_weakest_neutral_planet -> Failure
DEBUG:root:Result: Sequence: Spread Strategy -> Failure
DEBUG:root:Executing:Action: attack_weakest_enemy_planet
DEBUG:root:Result: Action: attack_weakest_enemy_planet -> Failure
DEBUG:root:Result: Decorator: Do ALL Strategies -> Success
DEBUG:root:Finish turn

DEBUG:root:Executing:Decorator: Do ALL Strategies
DEBUG:root:Executing:Sequence: Offensive Strategy
DEBUG:root:Executing:Check: have_largest_fleet
DEBUG:root:Result: Check: have_largest_fleet -> Success
DEBUG:root:Executing:Action: attack_weakest_enemy_planet
DEBUG:root:Result: Action: attack_weakest_enemy_planet -> Failure
DEBUG:root:Result: Sequence: Offensive Strategy -> Failure
DEBUG:root:Executing:Sequence: Defense Strategy
DEBUG:root:Executing:Check: be_attacked
DEBUG:root:Result: Check: be_attacked -> Success
DEBUG:root:Executing:Action: defense_attacked_planet
DEBUG:root:Order:15 18 4.0
DEBUG:root:Result: Action: defense_attacked_planet -> Success
DEBUG:root:Result: Sequence: Defense Strategy -> Success
DEBUG:root:Executing:Sequence: Spread Strategy
DEBUG:root:Executing:Check: if_neutral_planet_available
DEBUG:root:Result: Check: if_neutral_planet_available -> Success
DEBUG:root:Executing:Action: spread_to_weakest_neutral_planet
DEBUG:root:Result: Action: spread_to_weakest_neutral_planet -> Failure
DEBUG:root:Result: Sequence: Spread Strategy -> Failure
DEBUG:root:Executing:Action: attack_weakest_enemy_planet
DEBUG:root:Result: Action: attack_weakest_enemy_planet -> Failure
DEBUG:root:Result: Decorator: Do ALL Strategies -> Success
DEBUG:root:Finish turn

DEBUG:root:Executing:Decorator: Do ALL Strategies
DEBUG:root:Executing:Sequence: Offensive Strategy
DEBUG:root:Executing:Check: have_largest_fleet
DEBUG:root:Result: Check: have_largest_fleet -> Success
DEBUG:root:Executing:Action: attack_weakest_enemy_planet
DEBUG:root:Result: Action: attack_weakest_enemy_planet -> Failure
DEBUG:root:Result: Sequence: Offensive Strategy -> Failure
DEBUG:root:Executing:Sequence: Defense Strategy
DEBUG:root:Executing:Check: be_attacked
DEBUG:root:Result: Check: be_attacked -> Success
DEBUG:root:Executing:Action: defense_attacked_planet
DEBUG:root:Order:1 7 3.0
DEBUG:root:Order:9 13 8.0
DEBUG:root:Result: Action: defense_attacked_planet -> Success
DEBUG:root:Result: Sequence: Defense Strategy -> Success
DEBUG:root:Executing:Sequence: Spread Strategy
DEBUG:root:Executing:Check: if_neutral_planet_available
DEBUG:root:Result: Check: if_neutral_planet_available -> Success
DEBUG:root:Executing:Action: spread_to_weakest_neutral_planet
DEBUG:root:Result: Action: spread_to_weakest_neutral_planet -> Failure
DEBUG:root:Result: Sequence: Spread Strategy -> Failure
DEBUG:root:Executing:Action: attack_weakest_enemy_planet
DEBUG:root:Result: Action: attack_weakest_enemy_planet -> Failure
DEBUG:root:Result: Decorator: Do ALL Strategies -> Success
DEBUG:root:Finish turn

DEBUG:root:Executing:Decorator: Do ALL Strategies
DEBUG:root:Executing:Sequence: Offensive Strategy
DEBUG:root:Executing:Check: have_largest_fleet
DEBUG:root:Result: Check: have_largest_fleet -> Success
DEBUG:root:Executing:Action: attack_weakest_enemy_planet
DEBUG:root:Result: Action: attack_weakest_enemy_planet -> Failure
DEBUG:root:Result: Sequence: Offensive Strategy -> Failure
DEBUG:root:Executing:Sequence: Defense Strategy
DEBUG:root:Executing:Check: be_attacked
DEBUG:root:Result: Check: be_attacked -> Success
DEBUG:root:Executing:Action: defense_attacked_planet
DEBUG:root:Order:10 7 4.0
DEBUG:root:Result: Action: defense_attacked_planet -> Success
DEBUG:root:Result: Sequence: Defense Strategy -> Success
DEBUG:root:Executing:Sequence: Spread Strategy
DEBUG:root:Executing:Check: if_neutral_planet_available
DEBUG:root:Result: Check: if_neutral_planet_available -> Success
DEBUG:root:Executing:Action: spread_to_weakest_neutral_planet
DEBUG:root:Result: Action: spread_to_weakest_neutral_planet -> Failure
DEBUG:root:Result: Sequence: Spread Strategy -> Failure
DEBUG:root:Executing:Action: attack_weakest_enemy_planet
DEBUG:root:Result: Action: attack_weakest_enemy_planet -> Failure
DEBUG:root:Result: Decorator: Do ALL Strategies -> Success
DEBUG:root:Finish turn

DEBUG:root:Executing:Decorator: Do ALL Strategies
DEBUG:root:Executing:Sequence: Offensive Strategy
DEBUG:root:Executing:Check: have_largest_fleet
DEBUG:root:Result: Check: have_largest_fleet -> Success
DEBUG:root:Executing:Action: attack_weakest_enemy_planet
DEBUG:root:Result: Action: attack_weakest_enemy_planet -> Failure
DEBUG:root:Result: Sequence: Offensive Strategy -> Failure
DEBUG:root:Executing:Sequence: Defense Strategy
DEBUG:root:Executing:Check: be_attacked
DEBUG:root:Result: Check: be_attacked -> Success
DEBUG:root:Executing:Action: defense_attacked_planet
DEBUG:root:Order:10 13 6.0
DEBUG:root:Result: Action: defense_attacked_planet -> Success
DEBUG:root:Result: Sequence: Defense Strategy -> Success
DEBUG:root:Executing:Sequence: Spread Strategy
DEBUG:root:Executing:Check: if_neutral_planet_available
DEBUG:root:Result: Check: if_neutral_planet_available -> Success
DEBUG:root:Executing:Action: spread_to_weakest_neutral_planet
DEBUG:root:Result: Action: spread_to_weakest_neutral_planet -> Failure
DEBUG:root:Result: Sequence: Spread Strategy -> Failure
DEBUG:root:Executing:Action: attack_weakest_enemy_planet
DEBUG:root:Result: Action: attack_weakest_enemy_planet -> Failure
DEBUG:root:Result: Decorator: Do ALL Strategies -> Success
DEBUG:root:Finish turn

DEBUG:root:Executing:Decorator: Do ALL Strategies
DEBUG:root:Executing:Sequence: Offensive Strategy
DEBUG:root:Executing:Check: have_largest_fleet
DEBUG:root:Result: Check: have_largest_fleet -> Success
DEBUG:root:Executing:Action: attack_weakest_enemy_planet
DEBUG:root:Result: Action: attack_weakest_enemy_planet -> Failure
DEBUG:root:Result: Sequence: Offensive Strategy -> Failure
DEBUG:root:Executing:Sequence: Defense Strategy
DEBUG:root:Executing:Check: be_attacked
DEBUG:root:Result: Check: be_attacked -> Success
DEBUG:root:Executing:Action: defense_attacked_planet
DEBUG:root:Result: Action: defense_attacked_planet -> Failure
DEBUG:root:Result: Sequence: Defense Strategy -> Failure
DEBUG:root:Executing:Sequence: Spread Strategy
DEBUG:root:Executing:Check: if_neutral_planet_available
DEBUG:root:Result: Check: if_neutral_planet_available -> Success
DEBUG:root:Executing:Action: spread_to_weakest_neutral_planet
DEBUG:root:Result: Action: spread_to_weakest_neutral_planet -> Failure
DEBUG:root:Result: Sequence: Spread Strategy -> Failure
DEBUG:root:Executing:Action: attack_weakest_enemy_planet
DEBUG:root:Result: Action: attack_weakest_enemy_planet -> Failure
DEBUG:root:Result: Decorator: Do ALL Strategies -> Failure
DEBUG:root:Finish turn

DEBUG:root:Executing:Decorator: Do ALL Strategies
DEBUG:root:Executing:Sequence: Offensive Strategy
DEBUG:root:Executing:Check: have_largest_fleet
DEBUG:root:Result: Check: have_largest_fleet -> Success
DEBUG:root:Executing:Action: attack_weakest_enemy_planet
DEBUG:root:Result: Action: attack_weakest_enemy_planet -> Failure
DEBUG:root:Result: Sequence: Offensive Strategy -> Failure
DEBUG:root:Executing:Sequence: Defense Strategy
DEBUG:root:Executing:Check: be_attacked
DEBUG:root:Result: Check: be_attacked -> Success
DEBUG:root:Executing:Action: defense_attacked_planet
DEBUG:root:Result: Action: defense_attacked_planet -> Failure
DEBUG:root:Result: Sequence: Defense Strategy -> Failure
DEBUG:root:Executing:Sequence: Spread Strategy
DEBUG:root:Executing:Check: if_neutral_planet_available
DEBUG:root:Result: Check: if_neutral_planet_available -> Success
DEBUG:root:Executing:Action: spread_to_weakest_neutral_planet
DEBUG:root:Result: Action: spread_to_weakest_neutral_planet -> Failure
DEBUG:root:Result: Sequence: Spread Strategy -> Failure
DEBUG:root:Executing:Action: attack_weakest_enemy_planet
DEBUG:root:Result: Action: attack_weakest_enemy_planet -> Failure
DEBUG:root:Result: Decorator: Do ALL Strategies -> Failure
DEBUG:root:Finish turn

DEBUG:root:Executing:Decorator: Do ALL Strategies
DEBUG:root:Executing:Sequence: Offensive Strategy
DEBUG:root:Executing:Check: have_largest_fleet
DEBUG:root:Result: Check: have_largest_fleet -> Success
DEBUG:root:Executing:Action: attack_weakest_enemy_planet
DEBUG:root:Result: Action: attack_weakest_enemy_planet -> Failure
DEBUG:root:Result: Sequence: Offensive Strategy -> Failure
DEBUG:root:Executing:Sequence: Defense Strategy
DEBUG:root:Executing:Check: be_attacked
DEBUG:root:Result: Check: be_attacked -> Success
DEBUG:root:Executing:Action: defense_attacked_planet
DEBUG:root:Order:1 13 6.0
DEBUG:root:Result: Action: defense_attacked_planet -> Success
DEBUG:root:Result: Sequence: Defense Strategy -> Success
DEBUG:root:Executing:Sequence: Spread Strategy
DEBUG:root:Executing:Check: if_neutral_planet_available
DEBUG:root:Result: Check: if_neutral_planet_available -> Success
DEBUG:root:Executing:Action: spread_to_weakest_neutral_planet
DEBUG:root:Result: Action: spread_to_weakest_neutral_planet -> Failure
DEBUG:root:Result: Sequence: Spread Strategy -> Failure
DEBUG:root:Executing:Action: attack_weakest_enemy_planet
DEBUG:root:Result: Action: attack_weakest_enemy_planet -> Failure
DEBUG:root:Result: Decorator: Do ALL Strategies -> Success
DEBUG:root:Finish turn

DEBUG:root:Executing:Decorator: Do ALL Strategies
DEBUG:root:Executing:Sequence: Offensive Strategy
DEBUG:root:Executing:Check: have_largest_fleet
DEBUG:root:Result: Check: have_largest_fleet -> Success
DEBUG:root:Executing:Action: attack_weakest_enemy_planet
DEBUG:root:Result: Action: attack_weakest_enemy_planet -> Failure
DEBUG:root:Result: Sequence: Offensive Strategy -> Failure
DEBUG:root:Executing:Sequence: Defense Strategy
DEBUG:root:Executing:Check: be_attacked
DEBUG:root:Result: Check: be_attacked -> Success
DEBUG:root:Executing:Action: defense_attacked_planet
DEBUG:root:Order:11 13 6.0
DEBUG:root:Result: Action: defense_attacked_planet -> Success
DEBUG:root:Result: Sequence: Defense Strategy -> Success
DEBUG:root:Executing:Sequence: Spread Strategy
DEBUG:root:Executing:Check: if_neutral_planet_available
DEBUG:root:Result: Check: if_neutral_planet_available -> Success
DEBUG:root:Executing:Action: spread_to_weakest_neutral_planet
DEBUG:root:Result: Action: spread_to_weakest_neutral_planet -> Failure
DEBUG:root:Result: Sequence: Spread Strategy -> Failure
DEBUG:root:Executing:Action: attack_weakest_enemy_planet
DEBUG:root:Result: Action: attack_weakest_enemy_planet -> Failure
DEBUG:root:Result: Decorator: Do ALL Strategies -> Success
DEBUG:root:Finish turn

DEBUG:root:Executing:Decorator: Do ALL Strategies
DEBUG:root:Executing:Sequence: Offensive Strategy
DEBUG:root:Executing:Check: have_largest_fleet
DEBUG:root:Result: Check: have_largest_fleet -> Success
DEBUG:root:Executing:Action: attack_weakest_enemy_planet
DEBUG:root:Result: Action: attack_weakest_enemy_planet -> Failure
DEBUG:root:Result: Sequence: Offensive Strategy -> Failure
DEBUG:root:Executing:Sequence: Defense Strategy
DEBUG:root:Executing:Check: be_attacked
DEBUG:root:Result: Check: be_attacked -> Success
DEBUG:root:Executing:Action: defense_attacked_planet
DEBUG:root:Order:17 13 6.0
DEBUG:root:Order:15 12 4.0
DEBUG:root:Result: Action: defense_attacked_planet -> Success
DEBUG:root:Result: Sequence: Defense Strategy -> Success
DEBUG:root:Executing:Sequence: Spread Strategy
DEBUG:root:Executing:Check: if_neutral_planet_available
DEBUG:root:Result: Check: if_neutral_planet_available -> Success
DEBUG:root:Executing:Action: spread_to_weakest_neutral_planet
DEBUG:root:Result: Action: spread_to_weakest_neutral_planet -> Failure
DEBUG:root:Result: Sequence: Spread Strategy -> Failure
DEBUG:root:Executing:Action: attack_weakest_enemy_planet
DEBUG:root:Result: Action: attack_weakest_enemy_planet -> Failure
DEBUG:root:Result: Decorator: Do ALL Strategies -> Success
DEBUG:root:Finish turn

DEBUG:root:Executing:Decorator: Do ALL Strategies
DEBUG:root:Executing:Sequence: Offensive Strategy
DEBUG:root:Executing:Check: have_largest_fleet
DEBUG:root:Result: Check: have_largest_fleet -> Success
DEBUG:root:Executing:Action: attack_weakest_enemy_planet
DEBUG:root:Result: Action: attack_weakest_enemy_planet -> Failure
DEBUG:root:Result: Sequence: Offensive Strategy -> Failure
DEBUG:root:Executing:Sequence: Defense Strategy
DEBUG:root:Executing:Check: be_attacked
DEBUG:root:Result: Check: be_attacked -> Success
DEBUG:root:Executing:Action: defense_attacked_planet
DEBUG:root:Result: Action: defense_attacked_planet -> Failure
DEBUG:root:Result: Sequence: Defense Strategy -> Failure
DEBUG:root:Executing:Sequence: Spread Strategy
DEBUG:root:Executing:Check: if_neutral_planet_available
DEBUG:root:Result: Check: if_neutral_planet_available -> Success
DEBUG:root:Executing:Action: spread_to_weakest_neutral_planet
DEBUG:root:Result: Action: spread_to_weakest_neutral_planet -> Failure
DEBUG:root:Result: Sequence: Spread Strategy -> Failure
DEBUG:root:Executing:Action: attack_weakest_enemy_planet
DEBUG:root:Result: Action: attack_weakest_enemy_planet -> Failure
DEBUG:root:Result: Decorator: Do ALL Strategies -> Failure
DEBUG:root:Finish turn

DEBUG:root:Executing:Decorator: Do ALL Strategies
DEBUG:root:Executing:Sequence: Offensive Strategy
DEBUG:root:Executing:Check: have_largest_fleet
DEBUG:root:Result: Check: have_largest_fleet -> Success
DEBUG:root:Executing:Action: attack_weakest_enemy_planet
DEBUG:root:Result: Action: attack_weakest_enemy_planet -> Failure
DEBUG:root:Result: Sequence: Offensive Strategy -> Failure
DEBUG:root:Executing:Sequence: Defense Strategy
DEBUG:root:Executing:Check: be_attacked
DEBUG:root:Result: Check: be_attacked -> Success
DEBUG:root:Executing:Action: defense_attacked_planet
DEBUG:root:Result: Action: defense_attacked_planet -> Failure
DEBUG:root:Result: Sequence: Defense Strategy -> Failure
DEBUG:root:Executing:Sequence: Spread Strategy
DEBUG:root:Executing:Check: if_neutral_planet_available
DEBUG:root:Result: Check: if_neutral_planet_available -> Success
DEBUG:root:Executing:Action: spread_to_weakest_neutral_planet
DEBUG:root:Result: Action: spread_to_weakest_neutral_planet -> Failure
DEBUG:root:Result: Sequence: Spread Strategy -> Failure
DEBUG:root:Executing:Action: attack_weakest_enemy_planet
DEBUG:root:Result: Action: attack_weakest_enemy_planet -> Failure
DEBUG:root:Result: Decorator: Do ALL Strategies -> Failure
DEBUG:root:Finish turn

DEBUG:root:Executing:Decorator: Do ALL Strategies
DEBUG:root:Executing:Sequence: Offensive Strategy
DEBUG:root:Executing:Check: have_largest_fleet
DEBUG:root:Result: Check: have_largest_fleet -> Success
DEBUG:root:Executing:Action: attack_weakest_enemy_planet
DEBUG:root:Result: Action: attack_weakest_enemy_planet -> Failure
DEBUG:root:Result: Sequence: Offensive Strategy -> Failure
DEBUG:root:Executing:Sequence: Defense Strategy
DEBUG:root:Executing:Check: be_attacked
DEBUG:root:Result: Check: be_attacked -> Success
DEBUG:root:Executing:Action: defense_attacked_planet
DEBUG:root:Result: Action: defense_attacked_planet -> Failure
DEBUG:root:Result: Sequence: Defense Strategy -> Failure
DEBUG:root:Executing:Sequence: Spread Strategy
DEBUG:root:Executing:Check: if_neutral_planet_available
DEBUG:root:Result: Check: if_neutral_planet_available -> Success
DEBUG:root:Executing:Action: spread_to_weakest_neutral_planet
DEBUG:root:Result: Action: spread_to_weakest_neutral_planet -> Failure
DEBUG:root:Result: Sequence: Spread Strategy -> Failure
DEBUG:root:Executing:Action: attack_weakest_enemy_planet
DEBUG:root:Result: Action: attack_weakest_enemy_planet -> Failure
DEBUG:root:Result: Decorator: Do ALL Strategies -> Failure
DEBUG:root:Finish turn

DEBUG:root:Executing:Decorator: Do ALL Strategies
DEBUG:root:Executing:Sequence: Offensive Strategy
DEBUG:root:Executing:Check: have_largest_fleet
DEBUG:root:Result: Check: have_largest_fleet -> Success
DEBUG:root:Executing:Action: attack_weakest_enemy_planet
DEBUG:root:Order:1 2 81.0
DEBUG:root:Result: Action: attack_weakest_enemy_planet -> Success
DEBUG:root:Result: Sequence: Offensive Strategy -> Success
DEBUG:root:Executing:Sequence: Defense Strategy
DEBUG:root:Executing:Check: be_attacked
DEBUG:root:Result: Check: be_attacked -> Success
DEBUG:root:Executing:Action: defense_attacked_planet
DEBUG:root:Result: Action: defense_attacked_planet -> Failure
DEBUG:root:Result: Sequence: Defense Strategy -> Failure
DEBUG:root:Executing:Sequence: Spread Strategy
DEBUG:root:Executing:Check: if_neutral_planet_available
DEBUG:root:Result: Check: if_neutral_planet_available -> Success
DEBUG:root:Executing:Action: spread_to_weakest_neutral_planet
DEBUG:root:Result: Action: spread_to_weakest_neutral_planet -> Failure
DEBUG:root:Result: Sequence: Spread Strategy -> Failure
DEBUG:root:Executing:Action: attack_weakest_enemy_planet
DEBUG:root:Result: Action: attack_weakest_enemy_planet -> Failure
DEBUG:root:Result: Decorator: Do ALL Strategies -> Success
DEBUG:root:Finish turn

DEBUG:root:Executing:Decorator: Do ALL Strategies
DEBUG:root:Executing:Sequence: Offensive Strategy
DEBUG:root:Executing:Check: have_largest_fleet
DEBUG:root:Result: Check: have_largest_fleet -> Success
DEBUG:root:Executing:Action: attack_weakest_enemy_planet
DEBUG:root:Result: Action: attack_weakest_enemy_planet -> Failure
DEBUG:root:Result: Sequence: Offensive Strategy -> Failure
DEBUG:root:Executing:Sequence: Defense Strategy
DEBUG:root:Executing:Check: be_attacked
DEBUG:root:Result: Check: be_attacked -> Success
DEBUG:root:Executing:Action: defense_attacked_planet
DEBUG:root:Result: Action: defense_attacked_planet -> Failure
DEBUG:root:Result: Sequence: Defense Strategy -> Failure
DEBUG:root:Executing:Sequence: Spread Strategy
DEBUG:root:Executing:Check: if_neutral_planet_available
DEBUG:root:Result: Check: if_neutral_planet_available -> Success
DEBUG:root:Executing:Action: spread_to_weakest_neutral_planet
DEBUG:root:Result: Action: spread_to_weakest_neutral_planet -> Failure
DEBUG:root:Result: Sequence: Spread Strategy -> Failure
DEBUG:root:Executing:Action: attack_weakest_enemy_planet
DEBUG:root:Result: Action: attack_weakest_enemy_planet -> Failure
DEBUG:root:Result: Decorator: Do ALL Strategies -> Failure
DEBUG:root:Finish turn

DEBUG:root:Executing:Decorator: Do ALL Strategies
DEBUG:root:Executing:Sequence: Offensive Strategy
DEBUG:root:Executing:Check: have_largest_fleet
DEBUG:root:Result: Check: have_largest_fleet -> Success
DEBUG:root:Executing:Action: attack_weakest_enemy_planet
DEBUG:root:Order:10 18 26.0
DEBUG:root:Result: Action: attack_weakest_enemy_planet -> Success
DEBUG:root:Result: Sequence: Offensive Strategy -> Success
DEBUG:root:Executing:Sequence: Defense Strategy
DEBUG:root:Executing:Check: be_attacked
DEBUG:root:Result: Check: be_attacked -> Success
DEBUG:root:Executing:Action: defense_attacked_planet
DEBUG:root:Result: Action: defense_attacked_planet -> Failure
DEBUG:root:Result: Sequence: Defense Strategy -> Failure
DEBUG:root:Executing:Sequence: Spread Strategy
DEBUG:root:Executing:Check: if_neutral_planet_available
DEBUG:root:Result: Check: if_neutral_planet_available -> Success
DEBUG:root:Executing:Action: spread_to_weakest_neutral_planet
DEBUG:root:Result: Action: spread_to_weakest_neutral_planet -> Failure
DEBUG:root:Result: Sequence: Spread Strategy -> Failure
DEBUG:root:Executing:Action: attack_weakest_enemy_planet
DEBUG:root:Result: Action: attack_weakest_enemy_planet -> Failure
DEBUG:root:Result: Decorator: Do ALL Strategies -> Success
DEBUG:root:Finish turn

DEBUG:root:Executing:Decorator: Do ALL Strategies
DEBUG:root:Executing:Sequence: Offensive Strategy
DEBUG:root:Executing:Check: have_largest_fleet
DEBUG:root:Result: Check: have_largest_fleet -> Success
DEBUG:root:Executing:Action: attack_weakest_enemy_planet
DEBUG:root:Result: Action: attack_weakest_enemy_planet -> Failure
DEBUG:root:Result: Sequence: Offensive Strategy -> Failure
DEBUG:root:Executing:Sequence: Defense Strategy
DEBUG:root:Executing:Check: be_attacked
DEBUG:root:Result: Check: be_attacked -> Success
DEBUG:root:Executing:Action: defense_attacked_planet
DEBUG:root:Result: Action: defense_attacked_planet -> Failure
DEBUG:root:Result: Sequence: Defense Strategy -> Failure
DEBUG:root:Executing:Sequence: Spread Strategy
DEBUG:root:Executing:Check: if_neutral_planet_available
DEBUG:root:Result: Check: if_neutral_planet_available -> Success
DEBUG:root:Executing:Action: spread_to_weakest_neutral_planet
DEBUG:root:Result: Action: spread_to_weakest_neutral_planet -> Failure
DEBUG:root:Result: Sequence: Spread Strategy -> Failure
DEBUG:root:Executing:Action: attack_weakest_enemy_planet
DEBUG:root:Result: Action: attack_weakest_enemy_planet -> Failure
DEBUG:root:Result: Decorator: Do ALL Strategies -> Failure
DEBUG:root:Finish turn

DEBUG:root:Executing:Decorator: Do ALL Strategies
DEBUG:root:Executing:Sequence: Offensive Strategy
DEBUG:root:Executing:Check: have_largest_fleet
DEBUG:root:Result: Check: have_largest_fleet -> Success
DEBUG:root:Executing:Action: attack_weakest_enemy_planet
DEBUG:root:Result: Action: attack_weakest_enemy_planet -> Failure
DEBUG:root:Result: Sequence: Offensive Strategy -> Failure
DEBUG:root:Executing:Sequence: Defense Strategy
DEBUG:root:Executing:Check: be_attacked
DEBUG:root:Result: Check: be_attacked -> Success
DEBUG:root:Executing:Action: defense_attacked_planet
DEBUG:root:Result: Action: defense_attacked_planet -> Failure
DEBUG:root:Result: Sequence: Defense Strategy -> Failure
DEBUG:root:Executing:Sequence: Spread Strategy
DEBUG:root:Executing:Check: if_neutral_planet_available
DEBUG:root:Result: Check: if_neutral_planet_available -> Success
DEBUG:root:Executing:Action: spread_to_weakest_neutral_planet
DEBUG:root:Result: Action: spread_to_weakest_neutral_planet -> Failure
DEBUG:root:Result: Sequence: Spread Strategy -> Failure
DEBUG:root:Executing:Action: attack_weakest_enemy_planet
DEBUG:root:Result: Action: attack_weakest_enemy_planet -> Failure
DEBUG:root:Result: Decorator: Do ALL Strategies -> Failure
DEBUG:root:Finish turn

DEBUG:root:Executing:Decorator: Do ALL Strategies
DEBUG:root:Executing:Sequence: Offensive Strategy
DEBUG:root:Executing:Check: have_largest_fleet
DEBUG:root:Result: Check: have_largest_fleet -> Success
DEBUG:root:Executing:Action: attack_weakest_enemy_planet
DEBUG:root:Order:9 14 11.0
DEBUG:root:Result: Action: attack_weakest_enemy_planet -> Success
DEBUG:root:Result: Sequence: Offensive Strategy -> Success
DEBUG:root:Executing:Sequence: Defense Strategy
DEBUG:root:Executing:Check: be_attacked
DEBUG:root:Result: Check: be_attacked -> Success
DEBUG:root:Executing:Action: defense_attacked_planet
DEBUG:root:Result: Action: defense_attacked_planet -> Failure
DEBUG:root:Result: Sequence: Defense Strategy -> Failure
DEBUG:root:Executing:Sequence: Spread Strategy
DEBUG:root:Executing:Check: if_neutral_planet_available
DEBUG:root:Result: Check: if_neutral_planet_available -> Success
DEBUG:root:Executing:Action: spread_to_weakest_neutral_planet
DEBUG:root:Result: Action: spread_to_weakest_neutral_planet -> Failure
DEBUG:root:Result: Sequence: Spread Strategy -> Failure
DEBUG:root:Executing:Action: attack_weakest_enemy_planet
DEBUG:root:Result: Action: attack_weakest_enemy_planet -> Failure
DEBUG:root:Result: Decorator: Do ALL Strategies -> Success
DEBUG:root:Finish turn

DEBUG:root:Executing:Decorator: Do ALL Strategies
DEBUG:root:Executing:Sequence: Offensive Strategy
DEBUG:root:Executing:Check: have_largest_fleet
DEBUG:root:Result: Check: have_largest_fleet -> Success
DEBUG:root:Executing:Action: attack_weakest_enemy_planet
DEBUG:root:Result: Action: attack_weakest_enemy_planet -> Failure
DEBUG:root:Result: Sequence: Offensive Strategy -> Failure
DEBUG:root:Executing:Sequence: Defense Strategy
DEBUG:root:Executing:Check: be_attacked
DEBUG:root:Result: Check: be_attacked -> Failure
DEBUG:root:Result: Sequence: Defense Strategy -> Failure
DEBUG:root:Executing:Sequence: Spread Strategy
DEBUG:root:Executing:Check: if_neutral_planet_available
DEBUG:root:Result: Check: if_neutral_planet_available -> Success
DEBUG:root:Executing:Action: spread_to_weakest_neutral_planet
DEBUG:root:Result: Action: spread_to_weakest_neutral_planet -> Failure
DEBUG:root:Result: Sequence: Spread Strategy -> Failure
DEBUG:root:Executing:Action: attack_weakest_enemy_planet
DEBUG:root:Result: Action: attack_weakest_enemy_planet -> Failure
DEBUG:root:Result: Decorator: Do ALL Strategies -> Failure
DEBUG:root:Finish turn

DEBUG:root:Executing:Decorator: Do ALL Strategies
DEBUG:root:Executing:Sequence: Offensive Strategy
DEBUG:root:Executing:Check: have_largest_fleet
DEBUG:root:Result: Check: have_largest_fleet -> Success
DEBUG:root:Executing:Action: attack_weakest_enemy_planet
DEBUG:root:Result: Action: attack_weakest_enemy_planet -> Failure
DEBUG:root:Result: Sequence: Offensive Strategy -> Failure
DEBUG:root:Executing:Sequence: Defense Strategy
DEBUG:root:Executing:Check: be_attacked
DEBUG:root:Result: Check: be_attacked -> Failure
DEBUG:root:Result: Sequence: Defense Strategy -> Failure
DEBUG:root:Executing:Sequence: Spread Strategy
DEBUG:root:Executing:Check: if_neutral_planet_available
DEBUG:root:Result: Check: if_neutral_planet_available -> Success
DEBUG:root:Executing:Action: spread_to_weakest_neutral_planet
DEBUG:root:Result: Action: spread_to_weakest_neutral_planet -> Failure
DEBUG:root:Result: Sequence: Spread Strategy -> Failure
DEBUG:root:Executing:Action: attack_weakest_enemy_planet
DEBUG:root:Result: Action: attack_weakest_enemy_planet -> Failure
DEBUG:root:Result: Decorator: Do ALL Strategies -> Failure
DEBUG:root:Finish turn

DEBUG:root:Executing:Decorator: Do ALL Strategies
DEBUG:root:Executing:Sequence: Offensive Strategy
DEBUG:root:Executing:Check: have_largest_fleet
DEBUG:root:Result: Check: have_largest_fleet -> Success
DEBUG:root:Executing:Action: attack_weakest_enemy_planet
DEBUG:root:Result: Action: attack_weakest_enemy_planet -> Failure
DEBUG:root:Result: Sequence: Offensive Strategy -> Failure
DEBUG:root:Executing:Sequence: Defense Strategy
DEBUG:root:Executing:Check: be_attacked
DEBUG:root:Result: Check: be_attacked -> Success
DEBUG:root:Executing:Action: defense_attacked_planet
DEBUG:root:Order:11 7 3.0
DEBUG:root:Result: Action: defense_attacked_planet -> Success
DEBUG:root:Result: Sequence: Defense Strategy -> Success
DEBUG:root:Executing:Sequence: Spread Strategy
DEBUG:root:Executing:Check: if_neutral_planet_available
DEBUG:root:Result: Check: if_neutral_planet_available -> Success
DEBUG:root:Executing:Action: spread_to_weakest_neutral_planet
DEBUG:root:Result: Action: spread_to_weakest_neutral_planet -> Failure
DEBUG:root:Result: Sequence: Spread Strategy -> Failure
DEBUG:root:Executing:Action: attack_weakest_enemy_planet
DEBUG:root:Result: Action: attack_weakest_enemy_planet -> Failure
DEBUG:root:Result: Decorator: Do ALL Strategies -> Success
DEBUG:root:Finish turn

DEBUG:root:Executing:Decorator: Do ALL Strategies
DEBUG:root:Executing:Sequence: Offensive Strategy
DEBUG:root:Executing:Check: have_largest_fleet
DEBUG:root:Result: Check: have_largest_fleet -> Success
DEBUG:root:Executing:Action: attack_weakest_enemy_planet
DEBUG:root:Order:9 12 30.0
DEBUG:root:Result: Action: attack_weakest_enemy_planet -> Success
DEBUG:root:Result: Sequence: Offensive Strategy -> Success
DEBUG:root:Executing:Sequence: Defense Strategy
DEBUG:root:Executing:Check: be_attacked
DEBUG:root:Result: Check: be_attacked -> Success
DEBUG:root:Executing:Action: defense_attacked_planet
DEBUG:root:Result: Action: defense_attacked_planet -> Failure
DEBUG:root:Result: Sequence: Defense Strategy -> Failure
DEBUG:root:Executing:Sequence: Spread Strategy
DEBUG:root:Executing:Check: if_neutral_planet_available
DEBUG:root:Result: Check: if_neutral_planet_available -> Success
DEBUG:root:Executing:Action: spread_to_weakest_neutral_planet
DEBUG:root:Result: Action: spread_to_weakest_neutral_planet -> Failure
DEBUG:root:Result: Sequence: Spread Strategy -> Failure
DEBUG:root:Executing:Action: attack_weakest_enemy_planet
DEBUG:root:Result: Action: attack_weakest_enemy_planet -> Failure
DEBUG:root:Result: Decorator: Do ALL Strategies -> Success
DEBUG:root:Finish turn

DEBUG:root:Executing:Decorator: Do ALL Strategies
DEBUG:root:Executing:Sequence: Offensive Strategy
DEBUG:root:Executing:Check: have_largest_fleet
DEBUG:root:Result: Check: have_largest_fleet -> Success
DEBUG:root:Executing:Action: attack_weakest_enemy_planet
DEBUG:root:Result: Action: attack_weakest_enemy_planet -> Failure
DEBUG:root:Result: Sequence: Offensive Strategy -> Failure
DEBUG:root:Executing:Sequence: Defense Strategy
DEBUG:root:Executing:Check: be_attacked
DEBUG:root:Result: Check: be_attacked -> Success
DEBUG:root:Executing:Action: defense_attacked_planet
DEBUG:root:Order:17 7 3.0
DEBUG:root:Result: Action: defense_attacked_planet -> Success
DEBUG:root:Result: Sequence: Defense Strategy -> Success
DEBUG:root:Executing:Sequence: Spread Strategy
DEBUG:root:Executing:Check: if_neutral_planet_available
DEBUG:root:Result: Check: if_neutral_planet_available -> Success
DEBUG:root:Executing:Action: spread_to_weakest_neutral_planet
DEBUG:root:Result: Action: spread_to_weakest_neutral_planet -> Failure
DEBUG:root:Result: Sequence: Spread Strategy -> Failure
DEBUG:root:Executing:Action: attack_weakest_enemy_planet
DEBUG:root:Result: Action: attack_weakest_enemy_planet -> Failure
DEBUG:root:Result: Decorator: Do ALL Strategies -> Success
DEBUG:root:Finish turn

DEBUG:root:Executing:Decorator: Do ALL Strategies
DEBUG:root:Executing:Sequence: Offensive Strategy
DEBUG:root:Executing:Check: have_largest_fleet
DEBUG:root:Result: Check: have_largest_fleet -> Success
DEBUG:root:Executing:Action: attack_weakest_enemy_planet
DEBUG:root:Result: Action: attack_weakest_enemy_planet -> Failure
DEBUG:root:Result: Sequence: Offensive Strategy -> Failure
DEBUG:root:Executing:Sequence: Defense Strategy
DEBUG:root:Executing:Check: be_attacked
DEBUG:root:Result: Check: be_attacked -> Success
DEBUG:root:Executing:Action: defense_attacked_planet
DEBUG:root:Order:9 7 4.0
DEBUG:root:Result: Action: defense_attacked_planet -> Success
DEBUG:root:Result: Sequence: Defense Strategy -> Success
DEBUG:root:Executing:Sequence: Spread Strategy
DEBUG:root:Executing:Check: if_neutral_planet_available
DEBUG:root:Result: Check: if_neutral_planet_available -> Success
DEBUG:root:Executing:Action: spread_to_weakest_neutral_planet
DEBUG:root:Result: Action: spread_to_weakest_neutral_planet -> Failure
DEBUG:root:Result: Sequence: Spread Strategy -> Failure
DEBUG:root:Executing:Action: attack_weakest_enemy_planet
DEBUG:root:Result: Action: attack_weakest_enemy_planet -> Failure
DEBUG:root:Result: Decorator: Do ALL Strategies -> Success
DEBUG:root:Finish turn

DEBUG:root:Executing:Decorator: Do ALL Strategies
DEBUG:root:Executing:Sequence: Offensive Strategy
DEBUG:root:Executing:Check: have_largest_fleet
DEBUG:root:Result: Check: have_largest_fleet -> Success
DEBUG:root:Executing:Action: attack_weakest_enemy_planet
DEBUG:root:Result: Action: attack_weakest_enemy_planet -> Failure
DEBUG:root:Result: Sequence: Offensive Strategy -> Failure
DEBUG:root:Executing:Sequence: Defense Strategy
DEBUG:root:Executing:Check: be_attacked
DEBUG:root:Result: Check: be_attacked -> Success
DEBUG:root:Executing:Action: defense_attacked_planet
DEBUG:root:Order:16 7 3.0
DEBUG:root:Result: Action: defense_attacked_planet -> Success
DEBUG:root:Result: Sequence: Defense Strategy -> Success
DEBUG:root:Executing:Sequence: Spread Strategy
DEBUG:root:Executing:Check: if_neutral_planet_available
DEBUG:root:Result: Check: if_neutral_planet_available -> Success
DEBUG:root:Executing:Action: spread_to_weakest_neutral_planet
DEBUG:root:Result: Action: spread_to_weakest_neutral_planet -> Failure
DEBUG:root:Result: Sequence: Spread Strategy -> Failure
DEBUG:root:Executing:Action: attack_weakest_enemy_planet
DEBUG:root:Result: Action: attack_weakest_enemy_planet -> Failure
DEBUG:root:Result: Decorator: Do ALL Strategies -> Success
DEBUG:root:Finish turn

DEBUG:root:Executing:Decorator: Do ALL Strategies
DEBUG:root:Executing:Sequence: Offensive Strategy
DEBUG:root:Executing:Check: have_largest_fleet
DEBUG:root:Result: Check: have_largest_fleet -> Success
DEBUG:root:Executing:Action: attack_weakest_enemy_planet
DEBUG:root:Result: Action: attack_weakest_enemy_planet -> Failure
DEBUG:root:Result: Sequence: Offensive Strategy -> Failure
DEBUG:root:Executing:Sequence: Defense Strategy
DEBUG:root:Executing:Check: be_attacked
DEBUG:root:Result: Check: be_attacked -> Success
DEBUG:root:Executing:Action: defense_attacked_planet
DEBUG:root:Order:13 7 3.0
DEBUG:root:Result: Action: defense_attacked_planet -> Success
DEBUG:root:Result: Sequence: Defense Strategy -> Success
DEBUG:root:Executing:Sequence: Spread Strategy
DEBUG:root:Executing:Check: if_neutral_planet_available
DEBUG:root:Result: Check: if_neutral_planet_available -> Success
DEBUG:root:Executing:Action: spread_to_weakest_neutral_planet
DEBUG:root:Result: Action: spread_to_weakest_neutral_planet -> Failure
DEBUG:root:Result: Sequence: Spread Strategy -> Failure
DEBUG:root:Executing:Action: attack_weakest_enemy_planet
DEBUG:root:Result: Action: attack_weakest_enemy_planet -> Failure
DEBUG:root:Result: Decorator: Do ALL Strategies -> Success
DEBUG:root:Finish turn

DEBUG:root:Executing:Decorator: Do ALL Strategies
DEBUG:root:Executing:Sequence: Offensive Strategy
DEBUG:root:Executing:Check: have_largest_fleet
DEBUG:root:Result: Check: have_largest_fleet -> Success
DEBUG:root:Executing:Action: attack_weakest_enemy_planet
DEBUG:root:Result: Action: attack_weakest_enemy_planet -> Failure
DEBUG:root:Result: Sequence: Offensive Strategy -> Failure
DEBUG:root:Executing:Sequence: Defense Strategy
DEBUG:root:Executing:Check: be_attacked
DEBUG:root:Result: Check: be_attacked -> Success
DEBUG:root:Executing:Action: defense_attacked_planet
DEBUG:root:Result: Action: defense_attacked_planet -> Failure
DEBUG:root:Result: Sequence: Defense Strategy -> Failure
DEBUG:root:Executing:Sequence: Spread Strategy
DEBUG:root:Executing:Check: if_neutral_planet_available
DEBUG:root:Result: Check: if_neutral_planet_available -> Success
DEBUG:root:Executing:Action: spread_to_weakest_neutral_planet
DEBUG:root:Result: Action: spread_to_weakest_neutral_planet -> Failure
DEBUG:root:Result: Sequence: Spread Strategy -> Failure
DEBUG:root:Executing:Action: attack_weakest_enemy_planet
DEBUG:root:Result: Action: attack_weakest_enemy_planet -> Failure
DEBUG:root:Result: Decorator: Do ALL Strategies -> Failure
DEBUG:root:Finish turn

DEBUG:root:Executing:Decorator: Do ALL Strategies
DEBUG:root:Executing:Sequence: Offensive Strategy
DEBUG:root:Executing:Check: have_largest_fleet
DEBUG:root:Result: Check: have_largest_fleet -> Success
DEBUG:root:Executing:Action: attack_weakest_enemy_planet
DEBUG:root:Result: Action: attack_weakest_enemy_planet -> Failure
DEBUG:root:Result: Sequence: Offensive Strategy -> Failure
DEBUG:root:Executing:Sequence: Defense Strategy
DEBUG:root:Executing:Check: be_attacked
DEBUG:root:Result: Check: be_attacked -> Success
DEBUG:root:Executing:Action: defense_attacked_planet
DEBUG:root:Order:2 14 4.0
DEBUG:root:Order:15 7 3.0
DEBUG:root:Result: Action: defense_attacked_planet -> Success
DEBUG:root:Result: Sequence: Defense Strategy -> Success
DEBUG:root:Executing:Sequence: Spread Strategy
DEBUG:root:Executing:Check: if_neutral_planet_available
DEBUG:root:Result: Check: if_neutral_planet_available -> Success
DEBUG:root:Executing:Action: spread_to_weakest_neutral_planet
DEBUG:root:Result: Action: spread_to_weakest_neutral_planet -> Failure
DEBUG:root:Result: Sequence: Spread Strategy -> Failure
DEBUG:root:Executing:Action: attack_weakest_enemy_planet
DEBUG:root:Result: Action: attack_weakest_enemy_planet -> Failure
DEBUG:root:Result: Decorator: Do ALL Strategies -> Success
DEBUG:root:Finish turn

DEBUG:root:Executing:Decorator: Do ALL Strategies
DEBUG:root:Executing:Sequence: Offensive Strategy
DEBUG:root:Executing:Check: have_largest_fleet
DEBUG:root:Result: Check: have_largest_fleet -> Success
DEBUG:root:Executing:Action: attack_weakest_enemy_planet
DEBUG:root:Result: Action: attack_weakest_enemy_planet -> Failure
DEBUG:root:Result: Sequence: Offensive Strategy -> Failure
DEBUG:root:Executing:Sequence: Defense Strategy
DEBUG:root:Executing:Check: be_attacked
DEBUG:root:Result: Check: be_attacked -> Success
DEBUG:root:Executing:Action: defense_attacked_planet
DEBUG:root:Order:18 14 3.0
DEBUG:root:Result: Action: defense_attacked_planet -> Success
DEBUG:root:Result: Sequence: Defense Strategy -> Success
DEBUG:root:Executing:Sequence: Spread Strategy
DEBUG:root:Executing:Check: if_neutral_planet_available
DEBUG:root:Result: Check: if_neutral_planet_available -> Success
DEBUG:root:Executing:Action: spread_to_weakest_neutral_planet
DEBUG:root:Result: Action: spread_to_weakest_neutral_planet -> Failure
DEBUG:root:Result: Sequence: Spread Strategy -> Failure
DEBUG:root:Executing:Action: attack_weakest_enemy_planet
DEBUG:root:Result: Action: attack_weakest_enemy_planet -> Failure
DEBUG:root:Result: Decorator: Do ALL Strategies -> Success
DEBUG:root:Finish turn

DEBUG:root:Executing:Decorator: Do ALL Strategies
DEBUG:root:Executing:Sequence: Offensive Strategy
DEBUG:root:Executing:Check: have_largest_fleet
DEBUG:root:Result: Check: have_largest_fleet -> Success
DEBUG:root:Executing:Action: attack_weakest_enemy_planet
DEBUG:root:Result: Action: attack_weakest_enemy_planet -> Failure
DEBUG:root:Result: Sequence: Offensive Strategy -> Failure
DEBUG:root:Executing:Sequence: Defense Strategy
DEBUG:root:Executing:Check: be_attacked
DEBUG:root:Result: Check: be_attacked -> Success
DEBUG:root:Executing:Action: defense_attacked_planet
DEBUG:root:Result: Action: defense_attacked_planet -> Failure
DEBUG:root:Result: Sequence: Defense Strategy -> Failure
DEBUG:root:Executing:Sequence: Spread Strategy
DEBUG:root:Executing:Check: if_neutral_planet_available
DEBUG:root:Result: Check: if_neutral_planet_available -> Success
DEBUG:root:Executing:Action: spread_to_weakest_neutral_planet
DEBUG:root:Result: Action: spread_to_weakest_neutral_planet -> Failure
DEBUG:root:Result: Sequence: Spread Strategy -> Failure
DEBUG:root:Executing:Action: attack_weakest_enemy_planet
DEBUG:root:Result: Action: attack_weakest_enemy_planet -> Failure
DEBUG:root:Result: Decorator: Do ALL Strategies -> Failure
DEBUG:root:Finish turn

DEBUG:root:Executing:Decorator: Do ALL Strategies
DEBUG:root:Executing:Sequence: Offensive Strategy
DEBUG:root:Executing:Check: have_largest_fleet
DEBUG:root:Result: Check: have_largest_fleet -> Success
DEBUG:root:Executing:Action: attack_weakest_enemy_planet
DEBUG:root:Result: Action: attack_weakest_enemy_planet -> Failure
DEBUG:root:Result: Sequence: Offensive Strategy -> Failure
DEBUG:root:Executing:Sequence: Defense Strategy
DEBUG:root:Executing:Check: be_attacked
DEBUG:root:Result: Check: be_attacked -> Success
DEBUG:root:Executing:Action: defense_attacked_planet
DEBUG:root:Order:1 7 3.0
DEBUG:root:Result: Action: defense_attacked_planet -> Success
DEBUG:root:Result: Sequence: Defense Strategy -> Success
DEBUG:root:Executing:Sequence: Spread Strategy
DEBUG:root:Executing:Check: if_neutral_planet_available
DEBUG:root:Result: Check: if_neutral_planet_available -> Success
DEBUG:root:Executing:Action: spread_to_weakest_neutral_planet
DEBUG:root:Result: Action: spread_to_weakest_neutral_planet -> Failure
DEBUG:root:Result: Sequence: Spread Strategy -> Failure
DEBUG:root:Executing:Action: attack_weakest_enemy_planet
DEBUG:root:Result: Action: attack_weakest_enemy_planet -> Failure
DEBUG:root:Result: Decorator: Do ALL Strategies -> Success
DEBUG:root:Finish turn

DEBUG:root:Executing:Decorator: Do ALL Strategies
DEBUG:root:Executing:Sequence: Offensive Strategy
DEBUG:root:Executing:Check: have_largest_fleet
DEBUG:root:Result: Check: have_largest_fleet -> Success
DEBUG:root:Executing:Action: attack_weakest_enemy_planet
DEBUG:root:Result: Action: attack_weakest_enemy_planet -> Failure
DEBUG:root:Result: Sequence: Offensive Strategy -> Failure
DEBUG:root:Executing:Sequence: Defense Strategy
DEBUG:root:Executing:Check: be_attacked
DEBUG:root:Result: Check: be_attacked -> Success
DEBUG:root:Executing:Action: defense_attacked_planet
DEBUG:root:Order:10 7 4.0
DEBUG:root:Result: Action: defense_attacked_planet -> Success
DEBUG:root:Result: Sequence: Defense Strategy -> Success
DEBUG:root:Executing:Sequence: Spread Strategy
DEBUG:root:Executing:Check: if_neutral_planet_available
DEBUG:root:Result: Check: if_neutral_planet_available -> Success
DEBUG:root:Executing:Action: spread_to_weakest_neutral_planet
DEBUG:root:Result: Action: spread_to_weakest_neutral_planet -> Failure
DEBUG:root:Result: Sequence: Spread Strategy -> Failure
DEBUG:root:Executing:Action: attack_weakest_enemy_planet
DEBUG:root:Result: Action: attack_weakest_enemy_planet -> Failure
DEBUG:root:Result: Decorator: Do ALL Strategies -> Success
DEBUG:root:Finish turn

DEBUG:root:Executing:Decorator: Do ALL Strategies
DEBUG:root:Executing:Sequence: Offensive Strategy
DEBUG:root:Executing:Check: have_largest_fleet
DEBUG:root:Result: Check: have_largest_fleet -> Success
DEBUG:root:Executing:Action: attack_weakest_enemy_planet
DEBUG:root:Result: Action: attack_weakest_enemy_planet -> Failure
DEBUG:root:Result: Sequence: Offensive Strategy -> Failure
DEBUG:root:Executing:Sequence: Defense Strategy
DEBUG:root:Executing:Check: be_attacked
DEBUG:root:Result: Check: be_attacked -> Success
DEBUG:root:Executing:Action: defense_attacked_planet
DEBUG:root:Result: Action: defense_attacked_planet -> Failure
DEBUG:root:Result: Sequence: Defense Strategy -> Failure
DEBUG:root:Executing:Sequence: Spread Strategy
DEBUG:root:Executing:Check: if_neutral_planet_available
DEBUG:root:Result: Check: if_neutral_planet_available -> Success
DEBUG:root:Executing:Action: spread_to_weakest_neutral_planet
DEBUG:root:Result: Action: spread_to_weakest_neutral_planet -> Failure
DEBUG:root:Result: Sequence: Spread Strategy -> Failure
DEBUG:root:Executing:Action: attack_weakest_enemy_planet
DEBUG:root:Result: Action: attack_weakest_enemy_planet -> Failure
DEBUG:root:Result: Decorator: Do ALL Strategies -> Failure
DEBUG:root:Finish turn

DEBUG:root:Executing:Decorator: Do ALL Strategies
DEBUG:root:Executing:Sequence: Offensive Strategy
DEBUG:root:Executing:Check: have_largest_fleet
DEBUG:root:Result: Check: have_largest_fleet -> Success
DEBUG:root:Executing:Action: attack_weakest_enemy_planet
DEBUG:root:Result: Action: attack_weakest_enemy_planet -> Failure
DEBUG:root:Result: Sequence: Offensive Strategy -> Failure
DEBUG:root:Executing:Sequence: Defense Strategy
DEBUG:root:Executing:Check: be_attacked
DEBUG:root:Result: Check: be_attacked -> Success
DEBUG:root:Executing:Action: defense_attacked_planet
DEBUG:root:Order:2 14 6.0
DEBUG:root:Result: Action: defense_attacked_planet -> Success
DEBUG:root:Result: Sequence: Defense Strategy -> Success
DEBUG:root:Executing:Sequence: Spread Strategy
DEBUG:root:Executing:Check: if_neutral_planet_available
DEBUG:root:Result: Check: if_neutral_planet_available -> Success
DEBUG:root:Executing:Action: spread_to_weakest_neutral_planet
DEBUG:root:Result: Action: spread_to_weakest_neutral_planet -> Failure
DEBUG:root:Result: Sequence: Spread Strategy -> Failure
DEBUG:root:Executing:Action: attack_weakest_enemy_planet
DEBUG:root:Result: Action: attack_weakest_enemy_planet -> Failure
DEBUG:root:Result: Decorator: Do ALL Strategies -> Success
DEBUG:root:Finish turn

DEBUG:root:Executing:Decorator: Do ALL Strategies
DEBUG:root:Executing:Sequence: Offensive Strategy
DEBUG:root:Executing:Check: have_largest_fleet
DEBUG:root:Result: Check: have_largest_fleet -> Success
DEBUG:root:Executing:Action: attack_weakest_enemy_planet
DEBUG:root:Result: Action: attack_weakest_enemy_planet -> Failure
DEBUG:root:Result: Sequence: Offensive Strategy -> Failure
DEBUG:root:Executing:Sequence: Defense Strategy
DEBUG:root:Executing:Check: be_attacked
DEBUG:root:Result: Check: be_attacked -> Success
DEBUG:root:Executing:Action: defense_attacked_planet
DEBUG:root:Order:18 14 5.0
DEBUG:root:Result: Action: defense_attacked_planet -> Success
DEBUG:root:Result: Sequence: Defense Strategy -> Success
DEBUG:root:Executing:Sequence: Spread Strategy
DEBUG:root:Executing:Check: if_neutral_planet_available
DEBUG:root:Result: Check: if_neutral_planet_available -> Success
DEBUG:root:Executing:Action: spread_to_weakest_neutral_planet
DEBUG:root:Result: Action: spread_to_weakest_neutral_planet -> Failure
DEBUG:root:Result: Sequence: Spread Strategy -> Failure
DEBUG:root:Executing:Action: attack_weakest_enemy_planet
DEBUG:root:Result: Action: attack_weakest_enemy_planet -> Failure
DEBUG:root:Result: Decorator: Do ALL Strategies -> Success
DEBUG:root:Finish turn

DEBUG:root:Executing:Decorator: Do ALL Strategies
DEBUG:root:Executing:Sequence: Offensive Strategy
DEBUG:root:Executing:Check: have_largest_fleet
DEBUG:root:Result: Check: have_largest_fleet -> Success
DEBUG:root:Executing:Action: attack_weakest_enemy_planet
DEBUG:root:Result: Action: attack_weakest_enemy_planet -> Failure
DEBUG:root:Result: Sequence: Offensive Strategy -> Failure
DEBUG:root:Executing:Sequence: Defense Strategy
DEBUG:root:Executing:Check: be_attacked
DEBUG:root:Result: Check: be_attacked -> Success
DEBUG:root:Executing:Action: defense_attacked_planet
DEBUG:root:Result: Action: defense_attacked_planet -> Failure
DEBUG:root:Result: Sequence: Defense Strategy -> Failure
DEBUG:root:Executing:Sequence: Spread Strategy
DEBUG:root:Executing:Check: if_neutral_planet_available
DEBUG:root:Result: Check: if_neutral_planet_available -> Success
DEBUG:root:Executing:Action: spread_to_weakest_neutral_planet
DEBUG:root:Result: Action: spread_to_weakest_neutral_planet -> Failure
DEBUG:root:Result: Sequence: Spread Strategy -> Failure
DEBUG:root:Executing:Action: attack_weakest_enemy_planet
DEBUG:root:Result: Action: attack_weakest_enemy_planet -> Failure
DEBUG:root:Result: Decorator: Do ALL Strategies -> Failure
DEBUG:root:Finish turn

DEBUG:root:Executing:Decorator: Do ALL Strategies
DEBUG:root:Executing:Sequence: Offensive Strategy
DEBUG:root:Executing:Check: have_largest_fleet
DEBUG:root:Result: Check: have_largest_fleet -> Success
DEBUG:root:Executing:Action: attack_weakest_enemy_planet
DEBUG:root:Result: Action: attack_weakest_enemy_planet -> Failure
DEBUG:root:Result: Sequence: Offensive Strategy -> Failure
DEBUG:root:Executing:Sequence: Defense Strategy
DEBUG:root:Executing:Check: be_attacked
DEBUG:root:Result: Check: be_attacked -> Success
DEBUG:root:Executing:Action: defense_attacked_planet
DEBUG:root:Result: Action: defense_attacked_planet -> Failure
DEBUG:root:Result: Sequence: Defense Strategy -> Failure
DEBUG:root:Executing:Sequence: Spread Strategy
DEBUG:root:Executing:Check: if_neutral_planet_available
DEBUG:root:Result: Check: if_neutral_planet_available -> Success
DEBUG:root:Executing:Action: spread_to_weakest_neutral_planet
DEBUG:root:Result: Action: spread_to_weakest_neutral_planet -> Failure
DEBUG:root:Result: Sequence: Spread Strategy -> Failure
DEBUG:root:Executing:Action: attack_weakest_enemy_planet
DEBUG:root:Result: Action: attack_weakest_enemy_planet -> Failure
DEBUG:root:Result: Decorator: Do ALL Strategies -> Failure
DEBUG:root:Finish turn

